TN:
SF:middleware\auth.js
FN:5,(anonymous_0)
FNF:1
FNH:0
FNDA:0,(anonymous_0)
DA:1,0
DA:2,0
DA:5,0
DA:6,0
DA:7,0
DA:8,0
DA:11,0
DA:12,0
DA:13,0
DA:14,0
DA:16,0
LF:11
LH:0
BRDA:7,0,0,0
BRDA:7,0,1,0
BRF:2
BRH:0
end_of_record
TN:
SF:models\order.js
FN:97,advanceStatus
FN:127,ensureInitialStatus
FNF:2
FNH:0
FNDA:0,advanceStatus
FNDA:0,ensureInitialStatus
DA:1,1
DA:3,1
DA:61,1
DA:72,1
DA:82,1
DA:97,1
DA:98,0
DA:99,0
DA:102,0
DA:103,0
DA:104,0
DA:105,0
DA:107,0
DA:108,0
DA:109,0
DA:110,0
DA:118,0
DA:119,0
DA:120,0
DA:121,0
DA:124,0
DA:127,1
DA:128,0
DA:129,0
DA:130,0
DA:136,0
DA:140,1
DA:142,1
DA:143,1
LF:29
LH:10
BRDA:98,0,0,0
BRDA:98,0,1,0
BRDA:118,1,0,0
BRDA:118,1,1,0
BRDA:128,2,0,0
BRDA:128,2,1,0
BRF:6
BRH:0
end_of_record
TN:
SF:models\product.js
FN:63,(anonymous_0)
FN:64,(anonymous_1)
FN:68,(anonymous_2)
FN:74,(anonymous_3)
FN:77,(anonymous_4)
FN:80,(anonymous_5)
FN:84,(anonymous_6)
FN:88,(anonymous_7)
FN:94,(anonymous_8)
FN:97,(anonymous_9)
FN:100,(anonymous_10)
FN:104,(anonymous_11)
FN:107,(anonymous_12)
FN:110,(anonymous_13)
FN:113,(anonymous_14)
FN:116,(anonymous_15)
FNF:16
FNH:0
FNDA:0,(anonymous_0)
FNDA:0,(anonymous_1)
FNDA:0,(anonymous_2)
FNDA:0,(anonymous_3)
FNDA:0,(anonymous_4)
FNDA:0,(anonymous_5)
FNDA:0,(anonymous_6)
FNDA:0,(anonymous_7)
FNDA:0,(anonymous_8)
FNDA:0,(anonymous_9)
FNDA:0,(anonymous_10)
FNDA:0,(anonymous_11)
FNDA:0,(anonymous_12)
FNDA:0,(anonymous_13)
FNDA:0,(anonymous_14)
FNDA:0,(anonymous_15)
DA:1,3
DA:5,3
DA:7,3
DA:61,3
DA:63,3
DA:64,0
DA:65,0
DA:68,3
DA:69,0
DA:70,0
DA:71,0
DA:73,0
DA:75,0
DA:77,0
DA:80,3
DA:81,0
DA:82,0
DA:83,0
DA:84,0
DA:85,0
DA:88,3
DA:89,0
DA:90,0
DA:91,0
DA:93,0
DA:95,0
DA:97,0
DA:100,3
DA:101,0
DA:102,0
DA:103,0
DA:105,0
DA:107,0
DA:110,3
DA:111,0
DA:112,0
DA:114,0
DA:116,0
DA:119,3
DA:121,3
LF:40
LH:12
BRDA:64,0,0,0
BRDA:64,0,1,0
BRDA:71,1,0,0
BRDA:71,1,1,0
BRDA:81,2,0,0
BRDA:81,2,1,0
BRDA:82,3,0,0
BRDA:82,3,1,0
BRDA:91,4,0,0
BRDA:91,4,1,0
BRDA:91,5,0,0
BRDA:91,5,1,0
BRDA:101,6,0,0
BRDA:101,6,1,0
BRDA:102,7,0,0
BRDA:102,7,1,0
BRDA:111,8,0,0
BRDA:111,8,1,0
BRF:18
BRH:0
end_of_record
TN:
SF:models\subscriber.js
FNF:0
FNH:0
DA:1,0
DA:3,0
DA:21,0
LF:3
LH:0
BRF:0
BRH:0
end_of_record
TN:
SF:models\user.js
FNF:0
FNH:0
DA:1,1
DA:3,1
DA:23,1
LF:3
LH:3
BRF:0
BRH:0
end_of_record
TN:
SF:routes\auth.js
FN:179,(anonymous_0)
FN:210,(anonymous_1)
FN:402,(anonymous_2)
FN:429,(anonymous_3)
FN:465,(anonymous_4)
FN:521,(anonymous_5)
FNF:6
FNH:6
FNDA:3,(anonymous_0)
FNDA:1,(anonymous_1)
FNDA:4,(anonymous_2)
FNDA:1,(anonymous_3)
FNDA:3,(anonymous_4)
FNDA:3,(anonymous_5)
DA:1,1
DA:2,1
DA:3,1
DA:4,1
DA:5,1
DA:6,1
DA:8,1
DA:172,1
DA:180,3
DA:181,3
DA:182,1
DA:185,2
DA:187,2
DA:188,2
DA:189,2
DA:190,1
DA:193,1
DA:199,1
DA:200,1
DA:202,1
DA:204,1
DA:210,1
DA:211,1
DA:212,1
DA:215,0
DA:216,0
DA:402,1
DA:403,4
DA:405,4
DA:406,1
DA:409,3
DA:411,3
DA:412,3
DA:414,3
DA:415,1
DA:418,2
DA:419,2
DA:420,1
DA:423,1
DA:429,1
DA:430,1
DA:431,1
DA:434,0
DA:435,0
DA:465,1
DA:466,3
DA:468,3
DA:469,1
DA:472,2
DA:474,2
DA:475,2
DA:477,2
DA:478,1
DA:481,1
DA:483,0
DA:484,0
DA:518,1
DA:522,3
DA:524,3
DA:525,1
DA:528,2
DA:530,2
DA:531,2
DA:533,2
DA:534,1
DA:537,1
DA:538,1
DA:539,1
DA:541,1
DA:543,0
DA:544,0
DA:549,1
LF:72
LH:64
BRDA:181,0,0,1
BRDA:181,0,1,2
BRDA:189,1,0,1
BRDA:189,1,1,1
BRDA:211,2,0,0
BRDA:211,2,1,1
BRDA:405,3,0,1
BRDA:405,3,1,3
BRDA:414,4,0,1
BRDA:414,4,1,2
BRDA:419,5,0,1
BRDA:419,5,1,1
BRDA:430,6,0,0
BRDA:430,6,1,1
BRDA:468,7,0,1
BRDA:468,7,1,2
BRDA:477,8,0,1
BRDA:477,8,1,1
BRDA:524,9,0,1
BRDA:524,9,1,2
BRDA:533,10,0,1
BRDA:533,10,1,1
BRF:22
BRH:20
end_of_record
TN:
SF:routes\checkout.js
FN:13,generateOrderNumber
FN:142,(anonymous_1)
FN:198,(anonymous_2)
FN:205,(anonymous_3)
FN:207,(anonymous_4)
FN:218,(anonymous_5)
FN:237,(anonymous_6)
FNF:7
FNH:1
FNDA:0,generateOrderNumber
FNDA:5,(anonymous_1)
FNDA:0,(anonymous_2)
FNDA:0,(anonymous_3)
FNDA:0,(anonymous_4)
FNDA:0,(anonymous_5)
FNDA:0,(anonymous_6)
DA:1,1
DA:2,1
DA:3,1
DA:4,1
DA:5,1
DA:7,1
DA:9,1
DA:11,1
DA:14,0
DA:15,0
DA:17,0
DA:18,0
DA:19,0
DA:22,0
DA:142,1
DA:143,5
DA:144,5
DA:146,5
DA:147,1
DA:150,4
DA:151,4
DA:152,4
DA:154,4
DA:155,0
DA:158,4
DA:159,1
DA:162,3
DA:163,3
DA:164,3
DA:165,3
DA:167,3
DA:168,0
DA:171,3
DA:172,1
DA:175,2
DA:176,1
DA:179,1
DA:180,1
DA:183,0
DA:184,0
DA:185,0
DA:186,0
DA:188,0
DA:189,0
DA:192,0
DA:198,0
DA:199,0
DA:201,0
DA:202,0
DA:205,0
DA:207,0
DA:208,0
DA:209,0
DA:218,0
DA:220,0
DA:221,0
DA:223,0
DA:233,0
DA:235,0
DA:237,0
DA:239,0
DA:249,0
DA:250,0
DA:254,1
LF:64
LH:31
BRDA:9,0,0,1
BRDA:9,0,1,0
BRDA:18,1,0,0
BRDA:18,1,1,0
BRDA:146,2,0,1
BRDA:146,2,1,4
BRDA:146,3,0,5
BRDA:146,3,1,5
BRDA:146,3,2,4
BRDA:146,3,3,4
BRDA:146,3,4,4
BRDA:146,3,5,4
BRDA:146,3,6,4
BRDA:146,3,7,4
BRDA:146,3,8,4
BRDA:154,4,0,0
BRDA:154,4,1,4
BRDA:154,5,0,4
BRDA:154,5,1,4
BRDA:158,6,0,1
BRDA:158,6,1,3
BRDA:167,7,0,0
BRDA:167,7,1,3
BRDA:171,8,0,1
BRDA:171,8,1,2
BRDA:175,9,0,1
BRDA:175,9,1,1
BRDA:179,10,0,1
BRDA:179,10,1,0
BRDA:185,11,0,0
BRDA:185,11,1,0
BRDA:186,12,0,0
BRDA:186,12,1,0
BRDA:186,13,0,0
BRDA:186,13,1,0
BRDA:188,14,0,0
BRDA:188,14,1,0
BRDA:188,15,0,0
BRDA:188,15,1,0
BRDA:201,16,0,0
BRDA:201,16,1,0
BRF:41
BRH:23
end_of_record
TN:
SF:routes\newsletter.js
FN:58,(anonymous_0)
FNF:1
FNH:0
FNDA:0,(anonymous_0)
DA:1,0
DA:2,0
DA:3,0
DA:58,0
DA:59,0
DA:60,0
DA:62,0
DA:63,0
DA:67,0
DA:68,0
DA:69,0
DA:72,0
DA:73,0
DA:75,0
DA:77,0
DA:78,0
DA:79,0
DA:81,0
DA:85,0
LF:19
LH:0
BRDA:62,0,0,0
BRDA:62,0,1,0
BRDA:68,1,0,0
BRDA:68,1,1,0
BRDA:78,2,0,0
BRDA:78,2,1,0
BRF:6
BRH:0
end_of_record
TN:
SF:routes\orders.js
FN:81,(anonymous_0)
FNF:1
FNH:0
FNDA:0,(anonymous_0)
DA:1,0
DA:2,0
DA:4,0
DA:6,0
DA:81,0
DA:82,0
DA:83,0
DA:85,0
DA:86,0
DA:89,0
DA:90,0
DA:92,0
DA:93,0
DA:96,0
DA:97,0
DA:100,0
DA:102,0
DA:103,0
DA:106,0
DA:108,0
DA:109,0
DA:110,0
DA:111,0
DA:112,0
DA:116,0
DA:117,0
DA:120,0
DA:122,0
DA:135,0
DA:137,0
DA:138,0
DA:142,0
LF:32
LH:0
BRDA:83,0,0,0
BRDA:83,0,1,0
BRDA:85,1,0,0
BRDA:85,1,1,0
BRDA:85,2,0,0
BRDA:85,2,1,0
BRDA:92,3,0,0
BRDA:92,3,1,0
BRDA:96,4,0,0
BRDA:96,4,1,0
BRDA:102,5,0,0
BRDA:102,5,1,0
BRDA:109,6,0,0
BRDA:109,6,1,0
BRDA:110,7,0,0
BRDA:110,7,1,0
BRDA:111,8,0,0
BRDA:111,8,1,0
BRDA:116,9,0,0
BRDA:116,9,1,0
BRF:20
BRH:0
end_of_record
TN:
SF:routes\products.js
FN:9,(anonymous_0)
FN:19,(anonymous_1)
FN:33,(anonymous_2)
FN:39,(anonymous_3)
FN:51,(anonymous_4)
FN:58,(anonymous_5)
FN:74,(anonymous_6)
FN:87,(anonymous_7)
FN:99,(anonymous_8)
FN:113,(anonymous_9)
FN:123,(anonymous_10)
FN:123,(anonymous_11)
FN:147,(anonymous_12)
FN:148,(anonymous_13)
FN:149,(anonymous_14)
FN:159,(anonymous_15)
FN:166,(anonymous_16)
FN:190,(anonymous_17)
FN:195,(anonymous_18)
FN:198,(anonymous_19)
FN:203,(anonymous_20)
FN:209,(anonymous_21)
FN:250,(anonymous_22)
FN:254,(anonymous_23)
FN:257,(anonymous_24)
FN:267,(anonymous_25)
FN:291,(anonymous_26)
FN:291,(anonymous_27)
FN:410,(anonymous_28)
FN:414,(anonymous_29)
FN:461,(anonymous_30)
FN:523,(anonymous_31)
FN:581,(anonymous_32)
FN:626,(anonymous_33)
FN:679,(anonymous_34)
FNF:35
FNH:5
FNDA:0,(anonymous_0)
FNDA:0,(anonymous_1)
FNDA:0,(anonymous_2)
FNDA:0,(anonymous_3)
FNDA:0,(anonymous_4)
FNDA:0,(anonymous_5)
FNDA:0,(anonymous_6)
FNDA:0,(anonymous_7)
FNDA:0,(anonymous_8)
FNDA:0,(anonymous_9)
FNDA:0,(anonymous_10)
FNDA:0,(anonymous_11)
FNDA:0,(anonymous_12)
FNDA:0,(anonymous_13)
FNDA:0,(anonymous_14)
FNDA:0,(anonymous_15)
FNDA:0,(anonymous_16)
FNDA:0,(anonymous_17)
FNDA:0,(anonymous_18)
FNDA:0,(anonymous_19)
FNDA:0,(anonymous_20)
FNDA:0,(anonymous_21)
FNDA:0,(anonymous_22)
FNDA:0,(anonymous_23)
FNDA:0,(anonymous_24)
FNDA:0,(anonymous_25)
FNDA:0,(anonymous_26)
FNDA:0,(anonymous_27)
FNDA:2,(anonymous_28)
FNDA:2,(anonymous_29)
FNDA:0,(anonymous_30)
FNDA:0,(anonymous_31)
FNDA:3,(anonymous_32)
FNDA:2,(anonymous_33)
FNDA:3,(anonymous_34)
DA:1,1
DA:2,1
DA:3,1
DA:4,1
DA:6,1
DA:7,1
DA:9,1
DA:10,0
DA:11,0
DA:12,0
DA:15,1
DA:17,1
DA:19,1
DA:33,1
DA:34,0
DA:39,1
DA:40,0
DA:41,0
DA:42,0
DA:43,0
DA:44,0
DA:45,0
DA:47,0
DA:48,0
DA:51,1
DA:52,0
DA:53,0
DA:54,0
DA:55,0
DA:58,1
DA:59,0
DA:61,0
DA:62,0
DA:64,0
DA:65,0
DA:67,0
DA:68,0
DA:69,0
DA:71,0
DA:74,1
DA:75,0
DA:76,0
DA:83,0
DA:84,0
DA:87,0
DA:88,0
DA:92,0
DA:93,0
DA:94,0
DA:96,0
DA:99,1
DA:100,0
DA:101,0
DA:106,0
DA:107,0
DA:110,0
DA:113,1
DA:114,0
DA:115,0
DA:116,0
DA:117,0
DA:118,0
DA:119,0
DA:120,0
DA:123,0
DA:125,0
DA:126,0
DA:127,0
DA:128,0
DA:129,0
DA:130,0
DA:131,0
DA:132,0
DA:135,0
DA:136,0
DA:139,0
DA:140,0
DA:141,0
DA:144,0
DA:147,1
DA:148,0
DA:149,0
DA:150,0
DA:151,0
DA:152,0
DA:153,0
DA:154,0
DA:155,0
DA:158,0
DA:160,0
DA:161,0
DA:162,0
DA:164,0
DA:166,0
DA:168,0
DA:169,0
DA:170,0
DA:171,0
DA:172,0
DA:173,0
DA:174,0
DA:175,0
DA:178,0
DA:179,0
DA:182,0
DA:183,0
DA:184,0
DA:187,0
DA:190,1
DA:191,0
DA:192,0
DA:194,0
DA:195,0
DA:197,0
DA:198,0
DA:203,1
DA:204,0
DA:205,0
DA:206,0
DA:209,1
DA:210,0
DA:211,0
DA:213,0
DA:215,0
DA:216,0
DA:218,0
DA:221,0
DA:222,0
DA:223,0
DA:224,0
DA:226,0
DA:227,0
DA:231,0
DA:232,0
DA:233,0
DA:235,0
DA:236,0
DA:237,0
DA:238,0
DA:239,0
DA:240,0
DA:243,0
DA:245,0
DA:246,0
DA:250,1
DA:251,0
DA:253,0
DA:254,0
DA:255,0
DA:257,0
DA:259,0
DA:260,0
DA:261,0
DA:263,0
DA:264,0
DA:267,0
DA:268,0
DA:269,0
DA:272,0
DA:273,0
DA:274,0
DA:275,0
DA:276,0
DA:277,0
DA:279,0
DA:283,0
DA:284,0
DA:286,0
DA:287,0
DA:291,0
DA:293,0
DA:295,0
DA:296,0
DA:297,0
DA:298,0
DA:300,0
DA:302,0
DA:303,0
DA:304,0
DA:305,0
DA:306,0
DA:307,0
DA:308,0
DA:309,0
DA:310,0
DA:311,0
DA:314,0
DA:316,0
DA:317,0
DA:410,1
DA:411,2
DA:412,2
DA:414,2
DA:419,1
DA:421,1
DA:461,1
DA:462,0
DA:463,0
DA:464,0
DA:465,0
DA:468,0
DA:469,0
DA:470,0
DA:473,0
DA:475,0
DA:476,0
DA:523,1
DA:524,0
DA:525,0
DA:526,0
DA:527,0
DA:530,0
DA:531,0
DA:532,0
DA:535,0
DA:536,0
DA:537,0
DA:540,0
DA:542,0
DA:543,0
DA:581,1
DA:582,3
DA:583,3
DA:584,2
DA:585,1
DA:587,1
DA:589,1
DA:626,1
DA:627,2
DA:628,2
DA:629,1
DA:631,1
DA:679,1
DA:680,3
DA:681,3
DA:682,3
DA:684,2
DA:685,1
DA:689,1
DA:690,1
DA:691,1
DA:694,1
DA:695,1
DA:697,1
DA:698,1
DA:700,1
DA:704,1
LF:247
LH:57
BRDA:10,0,0,0
BRDA:10,0,1,0
BRDA:10,1,0,0
BRDA:10,1,1,0
BRDA:11,2,0,0
BRDA:11,2,1,0
BRDA:11,3,0,0
BRDA:11,3,1,0
BRDA:34,4,0,0
BRDA:34,4,1,0
BRDA:40,5,0,0
BRDA:40,5,1,0
BRDA:40,6,0,0
BRDA:40,6,1,0
BRDA:45,7,0,0
BRDA:45,7,1,0
BRDA:48,8,0,0
BRDA:48,8,1,0
BRDA:52,9,0,0
BRDA:52,9,1,0
BRDA:52,10,0,0
BRDA:52,10,1,0
BRDA:61,11,0,0
BRDA:61,11,1,0
BRDA:61,12,0,0
BRDA:61,12,1,0
BRDA:61,12,2,0
BRDA:62,13,0,0
BRDA:62,13,1,0
BRDA:62,14,0,0
BRDA:62,14,1,0
BRDA:62,14,2,0
BRDA:74,15,0,0
BRDA:83,16,0,0
BRDA:83,16,1,0
BRDA:83,17,0,0
BRDA:83,17,1,0
BRDA:106,18,0,0
BRDA:106,18,1,0
BRDA:113,19,0,0
BRDA:115,20,0,0
BRDA:115,20,1,0
BRDA:117,21,0,0
BRDA:117,21,1,0
BRDA:119,22,0,0
BRDA:119,22,1,0
BRDA:129,23,0,0
BRDA:129,23,1,0
BRDA:132,24,0,0
BRDA:132,24,1,0
BRDA:135,25,0,0
BRDA:135,25,1,0
BRDA:140,26,0,0
BRDA:140,26,1,0
BRDA:147,27,0,0
BRDA:150,28,0,0
BRDA:150,28,1,0
BRDA:152,29,0,0
BRDA:152,29,1,0
BRDA:154,30,0,0
BRDA:154,30,1,0
BRDA:172,31,0,0
BRDA:172,31,1,0
BRDA:175,32,0,0
BRDA:175,32,1,0
BRDA:178,33,0,0
BRDA:178,33,1,0
BRDA:183,34,0,0
BRDA:183,34,1,0
BRDA:192,35,0,0
BRDA:192,35,1,0
BRDA:204,36,0,0
BRDA:204,36,1,0
BRDA:205,37,0,0
BRDA:205,37,1,0
BRDA:205,38,0,0
BRDA:205,38,1,0
BRDA:206,39,0,0
BRDA:206,39,1,0
BRDA:209,40,0,0
BRDA:210,41,0,0
BRDA:210,41,1,0
BRDA:211,42,0,0
BRDA:211,42,1,0
BRDA:218,43,0,0
BRDA:218,43,1,0
BRDA:221,44,0,0
BRDA:221,44,1,0
BRDA:221,45,0,0
BRDA:221,45,1,0
BRDA:221,45,2,0
BRDA:231,46,0,0
BRDA:231,46,1,0
BRDA:237,47,0,0
BRDA:237,47,1,0
BRDA:237,48,0,0
BRDA:237,48,1,0
BRDA:240,49,0,0
BRDA:240,49,1,0
BRDA:250,50,0,0
BRDA:251,51,0,0
BRDA:251,51,1,0
BRDA:254,52,0,0
BRDA:254,52,1,0
BRDA:255,53,0,0
BRDA:255,53,1,0
BRDA:263,54,0,0
BRDA:263,54,1,0
BRDA:269,55,0,0
BRDA:269,55,1,0
BRDA:272,56,0,0
BRDA:272,56,1,0
BRDA:275,57,0,0
BRDA:275,57,1,0
BRDA:291,58,0,0
BRDA:291,58,1,0
BRDA:293,59,0,0
BRDA:293,59,1,0
BRDA:302,60,0,0
BRDA:308,61,0,0
BRDA:308,61,1,0
BRDA:308,62,0,0
BRDA:308,62,1,0
BRDA:308,62,2,0
BRDA:311,63,0,0
BRDA:311,63,1,0
BRDA:464,64,0,0
BRDA:464,64,1,0
BRDA:469,65,0,0
BRDA:469,65,1,0
BRDA:526,66,0,0
BRDA:526,66,1,0
BRDA:526,67,0,0
BRDA:526,67,1,0
BRDA:531,68,0,0
BRDA:531,68,1,0
BRDA:536,69,0,0
BRDA:536,69,1,0
BRDA:584,70,0,1
BRDA:584,70,1,1
BRDA:684,71,0,1
BRDA:684,71,1,1
BRF:142
BRH:4
end_of_record
TN:
SF:routes\search.js
FN:72,(anonymous_0)
FNF:1
FNH:1
FNDA:3,(anonymous_0)
DA:1,1
DA:2,1
DA:3,1
DA:72,1
DA:73,3
DA:74,3
DA:76,3
DA:80,2
DA:82,1
DA:83,1
DA:87,1
LF:11
LH:11
BRF:0
BRH:0
end_of_record
